[0124/122233.878:ERROR:directory_reader_win.cc(43)] FindFirstFile: The system cannot find the path specified. (0x3)
[0124/173513.579:ERROR:directory_reader_win.cc(43)] FindFirstFile: The system cannot find the path specified. (0x3)
[0124/204707.973:ERROR:directory_reader_win.cc(43)] FindFirstFile: The system cannot find the path specified. (0x3)
[0124/222734.664:ERROR:directory_reader_win.cc(43)] FindFirstFile: The system cannot find the path specified. (0x3)
[0125/001453.191:ERROR:directory_reader_win.cc(43)] FindFirstFile: The system cannot find the path specified. (0x3)
[0125/003122.518:ERROR:directory_reader_win.cc(43)] FindFirstFile: The system cannot find the path specified. (0x3)
[0125/013438.238:ERROR:directory_reader_win.cc(43)] FindFirstFile: The system cannot find the path specified. (0x3)
[0125/022456.182:ERROR:directory_reader_win.cc(43)] FindFirstFile: The system cannot find the path specified. (0x3)
[0125/031940.600:ERROR:process_memory_win.cc(73)] ReadMemory at 0x21b68e3fd70 of 6656 bytes failed: Only part of a ReadProcessMemory or WriteProcessMemory request was completed. (0x12B)
[0125/031940.601:ERROR:process_snapshot_win.cc(322)] failed to read unloaded module data
[0125/031940.608:ERROR:process_memory_win.cc(73)] ReadMemory at 0x7ff7320a0000 of 64 bytes failed: Only part of a ReadProcessMemory or WriteProcessMemory request was completed. (0x12B)
[0125/031940.608:WARNING:pe_image_reader.cc(340)] could not read dos header from C:\Program Files (x86)\Google\Chrome\Application\chrome.exe
[0125/031940.608:ERROR:process_memory_win.cc(73)] ReadMemory at 0x7ff7320a0000 of 64 bytes failed: Only part of a ReadProcessMemory or WriteProcessMemory request was completed. (0x12B)
[0125/031940.608:WARNING:pe_image_reader.cc(340)] could not read dos header from C:\Program Files (x86)\Google\Chrome\Application\chrome.exe
[0125/031940.608:ERROR:process_memory_win.cc(73)] ReadMemory at 0x21b68e2b720 of 72 bytes failed: Only part of a ReadProcessMemory or WriteProcessMemory request was completed. (0x12B)
[0125/031940.608:WARNING:pe_image_annotations_reader.cc(135)] could not read annotations list object in C:\Program Files (x86)\Google\Chrome\Application\87.0.4280.141\chrome_elf.dll
[0125/031940.609:ERROR:process_memory_win.cc(73)] ReadMemory at 0x7ffbeec70000 of 64 bytes failed: Only part of a ReadProcessMemory or WriteProcessMemory request was completed. (0x12B)
[0125/031940.609:WARNING:pe_image_reader.cc(340)] could not read dos header from C:\Program Files (x86)\Google\Chrome\Application\87.0.4280.141\chrome.dll
[0125/031940.609:ERROR:process_memory_win.cc(73)] ReadMemory at 0x7ffbeec70000 of 64 bytes failed: Only part of a ReadProcessMemory or WriteProcessMemory request was completed. (0x12B)
[0125/031940.609:WARNING:pe_image_reader.cc(340)] could not read dos header from C:\Program Files (x86)\Google\Chrome\Application\87.0.4280.141\chrome.dll
[0125/031940.668:ERROR:process_memory_win.cc(73)] ReadMemory at 0x7ff7320a0000 of 64 bytes failed: Only part of a ReadProcessMemory or WriteProcessMemory request was completed. (0x12B)
[0125/031940.669:WARNING:pe_image_reader.cc(340)] could not read dos header from C:\Program Files (x86)\Google\Chrome\Application\chrome.exe
[0125/031940.669:ERROR:process_memory_win.cc(73)] ReadMemory at 0x7ffc39410000 of 64 bytes failed: Only part of a ReadProcessMemory or WriteProcessMemory request was completed. (0x12B)
[0125/031940.669:WARNING:pe_image_reader.cc(340)] could not read dos header from C:\WINDOWS\SYSTEM32\ntdll.dll
[0125/031940.669:ERROR:process_memory_win.cc(73)] ReadMemory at 0x7ffc37b80000 of 64 bytes failed: Only part of a ReadProcessMemory or WriteProcessMemory request was completed. (0x12B)
[0125/031940.669:WARNING:pe_image_reader.cc(340)] could not read dos header from C:\WINDOWS\System32\KERNEL32.DLL
[0125/031940.669:ERROR:process_memory_win.cc(73)] ReadMemory at 0x7ffc37070000 of 64 bytes failed: Only part of a ReadProcessMemory or WriteProcessMemory request was completed. (0x12B)
[0125/031940.669:WARNING:pe_image_reader.cc(340)] could not read dos header from C:\WINDOWS\System32\KERNELBASE.dll
[0125/031940.669:ERROR:process_memory_win.cc(73)] ReadMemory at 0x7ffbff0c0000 of 64 bytes failed: Only part of a ReadProcessMemory or WriteProcessMemory request was completed. (0x12B)
[0125/031940.669:WARNING:pe_image_reader.cc(340)] could not read dos header from C:\Program Files (x86)\Google\Chrome\Application\87.0.4280.141\chrome_elf.dll
[0125/031940.669:ERROR:process_memory_win.cc(73)] ReadMemory at 0x7ffc2f650000 of 64 bytes failed: Only part of a ReadProcessMemory or WriteProcessMemory request was completed. (0x12B)
[0125/031940.669:WARNING:pe_image_reader.cc(340)] could not read dos header from C:\WINDOWS\SYSTEM32\VERSION.dll
[0125/031940.669:ERROR:process_memory_win.cc(73)] ReadMemory at 0x7ffc37470000 of 64 bytes failed: Only part of a ReadProcessMemory or WriteProcessMemory request was completed. (0x12B)
[0125/031940.669:WARNING:pe_image_reader.cc(340)] could not read dos header from C:\WINDOWS\System32\msvcrt.dll
[0125/031940.669:ERROR:process_memory_win.cc(73)] ReadMemory at 0x7ffc384a0000 of 64 bytes failed: Only part of a ReadProcessMemory or WriteProcessMemory request was completed. (0x12B)
[0125/031940.669:WARNING:pe_image_reader.cc(340)] could not read dos header from C:\WINDOWS\System32\ADVAPI32.dll
[0125/031940.669:ERROR:process_memory_win.cc(73)] ReadMemory at 0x7ffc39330000 of 64 bytes failed: Only part of a ReadProcessMemory or WriteProcessMemory request was completed. (0x12B)
[0125/031940.669:WARNING:pe_image_reader.cc(340)] could not read dos header from C:\WINDOWS\System32\sechost.dll
[0125/031940.669:ERROR:process_memory_win.cc(73)] ReadMemory at 0x7ffc39200000 of 64 bytes failed: Only part of a ReadProcessMemory or WriteProcessMemory request was completed. (0x12B)
[0125/031940.669:WARNING:pe_image_reader.cc(340)] could not read dos header from C:\WINDOWS\System32\RPCRT4.dll
[0125/031940.669:ERROR:process_memory_win.cc(73)] ReadMemory at 0x7ffbeec70000 of 64 bytes failed: Only part of a ReadProcessMemory or WriteProcessMemory request was completed. (0x12B)
[0125/031940.669:WARNING:pe_image_reader.cc(340)] could not read dos header from C:\Program Files (x86)\Google\Chrome\Application\87.0.4280.141\chrome.dll
[0125/031940.669:ERROR:process_memory_win.cc(73)] ReadMemory at 0x7ffc37b10000 of 64 bytes failed: Only part of a ReadProcessMemory or WriteProcessMemory request was completed. (0x12B)
[0125/031940.669:WARNING:pe_image_reader.cc(340)] could not read dos header from C:\WINDOWS\System32\WS2_32.dll
[0125/031940.669:ERROR:process_memory_win.cc(73)] ReadMemory at 0x7ffc37590000 of 64 bytes failed: Only part of a ReadProcessMemory or WriteProcessMemory request was completed. (0x12B)
[0125/031940.669:WARNING:pe_image_reader.cc(340)] could not read dos header from C:\WINDOWS\System32\OLEAUT32.dll
[0125/031940.669:ERROR:process_memory_win.cc(73)] ReadMemory at 0x7ffc36b50000 of 64 bytes failed: Only part of a ReadProcessMemory or WriteProcessMemory request was completed. (0x12B)
[0125/031940.670:WARNING:pe_image_reader.cc(340)] could not read dos header from C:\WINDOWS\System32\msvcp_win.dll
[0125/031940.670:ERROR:process_memory_win.cc(73)] ReadMemory at 0x7ffc37370000 of 64 bytes failed: Only part of a ReadProcessMemory or WriteProcessMemory request was completed. (0x12B)
[0125/031940.670:WARNING:pe_image_reader.cc(340)] could not read dos header from C:\WINDOWS\System32\ucrtbase.dll
[0125/031940.670:ERROR:process_memory_win.cc(73)] ReadMemory at 0x7ffc38d90000 of 64 bytes failed: Only part of a ReadProcessMemory or WriteProcessMemory request was completed. (0x12B)
[0125/031940.670:WARNING:pe_image_reader.cc(340)] could not read dos header from C:\WINDOWS\System32\combase.dll
[0125/031940.670:ERROR:process_memory_win.cc(73)] ReadMemory at 0x7ffc37010000 of 64 bytes failed: Only part of a ReadProcessMemory or WriteProcessMemory request was completed. (0x12B)
[0125/031940.670:WARNING:pe_image_reader.cc(340)] could not read dos header from C:\WINDOWS\System32\WINTRUST.dll
[0125/031940.670:ERROR:process_memory_win.cc(73)] ReadMemory at 0x7ffc36d00000 of 64 bytes failed: Only part of a ReadProcessMemory or WriteProcessMemory request was completed. (0x12B)
[0125/031940.670:WARNING:pe_image_reader.cc(340)] could not read dos header from C:\WINDOWS\System32\CRYPT32.dll
[0125/031940.670:ERROR:process_memory_win.cc(73)] ReadMemory at 0x7ffc1e7b0000 of 64 bytes failed: Only part of a ReadProcessMemory or WriteProcessMemory request was completed. (0x12B)
[0125/031940.670:WARNING:pe_image_reader.cc(340)] could not read dos header from C:\WINDOWS\SYSTEM32\dbghelp.dll
[0125/031940.670:ERROR:process_memory_win.cc(73)] ReadMemory at 0x7ffc35fd0000 of 64 bytes failed: Only part of a ReadProcessMemory or WriteProcessMemory request was completed. (0x12B)
[0125/031940.670:WARNING:pe_image_reader.cc(340)] could not read dos header from C:\WINDOWS\SYSTEM32\IPHLPAPI.DLL
[0125/031940.670:ERROR:process_memory_win.cc(73)] ReadMemory at 0x7ffc26150000 of 64 bytes failed: Only part of a ReadProcessMemory or WriteProcessMemory request was completed. (0x12B)
[0125/031940.670:WARNING:pe_image_reader.cc(340)] could not read dos header from C:\WINDOWS\SYSTEM32\WINMM.dll
[0125/031940.670:ERROR:process_memory_win.cc(73)] ReadMemory at 0x7ffc0d2b0000 of 64 bytes failed: Only part of a ReadProcessMemory or WriteProcessMemory request was completed. (0x12B)
[0125/031940.670:WARNING:pe_image_reader.cc(340)] could not read dos header from C:\WINDOWS\SYSTEM32\UIAutomationCore.DLL
[0125/031940.670:ERROR:process_memory_win.cc(73)] ReadMemory at 0x7ffc232a0000 of 64 bytes failed: Only part of a ReadProcessMemory or WriteProcessMemory request was completed. (0x12B)
[0125/031940.670:WARNING:pe_image_reader.cc(340)] could not read dos header from C:\WINDOWS\SYSTEM32\Secur32.dll
[0125/031940.670:ERROR:process_memory_win.cc(73)] ReadMemory at 0x7ffc36a40000 of 64 bytes failed: Only part of a ReadProcessMemory or WriteProcessMemory request was completed. (0x12B)
[0125/031940.670:WARNING:pe_image_reader.cc(340)] could not read dos header from C:\WINDOWS\SYSTEM32\USERENV.dll
[0125/031940.670:ERROR:process_memory_win.cc(73)] ReadMemory at 0x7ffc277e0000 of 64 bytes failed: Only part of a ReadProcessMemory or WriteProcessMemory request was completed. (0x12B)
[0125/031940.670:WARNING:pe_image_reader.cc(340)] could not read dos header from C:\WINDOWS\SYSTEM32\DWrite.dll
[0125/031940.671:ERROR:process_memory_win.cc(73)] ReadMemory at 0x7ffc244f0000 of 64 bytes failed: Only part of a ReadProcessMemory or WriteProcessMemory request was completed. (0x12B)
[0125/031940.671:WARNING:pe_image_reader.cc(340)] could not read dos header from C:\WINDOWS\SYSTEM32\WINSPOOL.DRV
[0125/031940.671:ERROR:process_memory_win.cc(73)] ReadMemory at 0x7ffc26420000 of 64 bytes failed: Only part of a ReadProcessMemory or WriteProcessMemory request was completed. (0x12B)
[0125/031940.671:WARNING:pe_image_reader.cc(340)] could not read dos header from C:\WINDOWS\SYSTEM32\WINHTTP.dll
[0125/031940.671:ERROR:process_memory_win.cc(73)] ReadMemory at 0x7ffc2f340000 of 64 bytes failed: Only part of a ReadProcessMemory or WriteProcessMemory request was completed. (0x12B)
[0125/031940.671:WARNING:pe_image_reader.cc(340)] could not read dos header from C:\WINDOWS\SYSTEM32\dhcpcsvc.DLL
[0125/031940.671:ERROR:process_memory_win.cc(73)] ReadMemory at 0x7ffc32310000 of 64 bytes failed: Only part of a ReadProcessMemory or WriteProcessMemory request was completed. (0x12B)
[0125/031940.671:WARNING:pe_image_reader.cc(340)] could not read dos header from C:\WINDOWS\SYSTEM32\PROPSYS.dll
[0125/031940.671:ERROR:process_memory_win.cc(73)] ReadMemory at 0x7ffc36a00000 of 64 bytes failed: Only part of a ReadProcessMemory or WriteProcessMemory request was completed. (0x12B)
[0125/031940.671:WARNING:pe_image_reader.cc(340)] could not read dos header from C:\WINDOWS\SYSTEM32\SSPICLI.DLL
[0125/031940.671:ERROR:process_memory_win.cc(73)] ReadMemory at 0x7ffc36730000 of 64 bytes failed: Only part of a ReadProcessMemory or WriteProcessMemory request was completed. (0x12B)
[0125/031940.671:WARNING:pe_image_reader.cc(340)] could not read dos header from C:\WINDOWS\System32\MSASN1.dll
[0125/031940.671:ERROR:process_memory_win.cc(73)] ReadMemory at 0x7ffc36f60000 of 64 bytes failed: Only part of a ReadProcessMemory or WriteProcessMemory request was completed. (0x12B)
[0125/031940.671:WARNING:pe_image_reader.cc(340)] could not read dos header from C:\WINDOWS\System32\bcryptPrimitives.dll
[0125/031940.671:ERROR:process_memory_win.cc(73)] ReadMemory at 0x7ffc38550000 of 64 bytes failed: Only part of a ReadProcessMemory or WriteProcessMemory request was completed. (0x12B)
[0125/031940.671:WARNING:pe_image_reader.cc(340)] could not read dos header from C:\WINDOWS\System32\SHELL32.dll
[0125/031940.671:ERROR:process_memory_win.cc(73)] ReadMemory at 0x7ffc376f0000 of 64 bytes failed: Only part of a ReadProcessMemory or WriteProcessMemory request was completed. (0x12B)
[0125/031940.671:WARNING:pe_image_reader.cc(340)] could not read dos header from C:\WINDOWS\System32\USER32.dll
[0125/031940.671:ERROR:process_memory_win.cc(73)] ReadMemory at 0x7ffc37340000 of 64 bytes failed: Only part of a ReadProcessMemory or WriteProcessMemory request was completed. (0x12B)
[0125/031940.671:WARNING:pe_image_reader.cc(340)] could not read dos header from C:\WINDOWS\System32\win32u.dll
[0125/031940.671:ERROR:process_memory_win.cc(73)] ReadMemory at 0x7ffc38260000 of 64 bytes failed: Only part of a ReadProcessMemory or WriteProcessMemory request was completed. (0x12B)
[0125/031940.671:WARNING:pe_image_reader.cc(340)] could not read dos header from C:\WINDOWS\System32\GDI32.dll
[0125/031940.671:ERROR:process_memory_win.cc(73)] ReadMemory at 0x7ffc36bf0000 of 64 bytes failed: Only part of a ReadProcessMemory or WriteProcessMemory request was completed. (0x12B)
[0125/031940.671:WARNING:pe_image_reader.cc(340)] could not read dos header from C:\WINDOWS\System32\gdi32full.dll
[0125/031940.671:ERROR:process_memory_win.cc(73)] ReadMemory at 0x7ffc376c0000 of 64 bytes failed: Only part of a ReadProcessMemory or WriteProcessMemory request was completed. (0x12B)
[0125/031940.671:WARNING:pe_image_reader.cc(340)] could not read dos header from C:\WINDOWS\System32\IMM32.DLL
[0125/031940.671:ERROR:process_memory_win.cc(73)] ReadMemory at 0x7ffc34c70000 of 64 bytes failed: Only part of a ReadProcessMemory or WriteProcessMemory request was completed. (0x12B)
[0125/031940.671:WARNING:pe_image_reader.cc(340)] could not read dos header from C:\WINDOWS\SYSTEM32\windows.storage.dll
[0125/031940.671:ERROR:process_memory_win.cc(73)] ReadMemory at 0x7ffc365b0000 of 64 bytes failed: Only part of a ReadProcessMemory or WriteProcessMemory request was completed. (0x12B)
[0125/031940.671:WARNING:pe_image_reader.cc(340)] could not read dos header from C:\WINDOWS\SYSTEM32\Wldp.dll
[0125/031940.671:ERROR:process_memory_win.cc(73)] ReadMemory at 0x7ffc39150000 of 64 bytes failed: Only part of a ReadProcessMemory or WriteProcessMemory request was completed. (0x12B)
[0125/031940.671:WARNING:pe_image_reader.cc(340)] could not read dos header from C:\WINDOWS\System32\SHCORE.dll
[0125/031940.671:ERROR:process_memory_win.cc(73)] ReadMemory at 0x7ffc37660000 of 64 bytes failed: Only part of a ReadProcessMemory or WriteProcessMemory request was completed. (0x12B)
[0125/031940.672:WARNING:pe_image_reader.cc(340)] could not read dos header from C:\WINDOWS\System32\shlwapi.dll
[0125/031940.672:ERROR:process_memory_win.cc(73)] ReadMemory at 0x7ffc36a80000 of 64 bytes failed: Only part of a ReadProcessMemory or WriteProcessMemory request was completed. (0x12B)
[0125/031940.672:WARNING:pe_image_reader.cc(340)] could not read dos header from C:\WINDOWS\SYSTEM32\profapi.dll
[0125/031940.672:ERROR:process_memory_win.cc(73)] ReadMemory at 0x7ffc36520000 of 64 bytes failed: Only part of a ReadProcessMemory or WriteProcessMemory request was completed. (0x12B)
[0125/031940.672:WARNING:pe_image_reader.cc(340)] could not read dos header from C:\WINDOWS\SYSTEM32\CRYPTBASE.DLL
[0125/031940.676:ERROR:process_memory_win.cc(73)] ReadMemory at 0x7ff7320a0000 of 64 bytes failed: Only part of a ReadProcessMemory or WriteProcessMemory request was completed. (0x12B)
[0125/031940.676:WARNING:pe_image_reader.cc(340)] could not read dos header from C:\Program Files (x86)\Google\Chrome\Application\chrome.exe
[0125/031940.676:ERROR:process_memory_win.cc(73)] ReadMemory at 0x7ffc39410000 of 64 bytes failed: Only part of a ReadProcessMemory or WriteProcessMemory request was completed. (0x12B)
[0125/031940.676:WARNING:pe_image_reader.cc(340)] could not read dos header from C:\WINDOWS\SYSTEM32\ntdll.dll
[0125/031940.676:ERROR:process_memory_win.cc(73)] ReadMemory at 0x7ffc37b80000 of 64 bytes failed: Only part of a ReadProcessMemory or WriteProcessMemory request was completed. (0x12B)
[0125/031940.676:WARNING:pe_image_reader.cc(340)] could not read dos header from C:\WINDOWS\System32\KERNEL32.DLL
[0125/031940.676:ERROR:process_memory_win.cc(73)] ReadMemory at 0x7ffc37070000 of 64 bytes failed: Only part of a ReadProcessMemory or WriteProcessMemory request was completed. (0x12B)
[0125/031940.676:WARNING:pe_image_reader.cc(340)] could not read dos header from C:\WINDOWS\System32\KERNELBASE.dll
[0125/031940.676:ERROR:process_memory_win.cc(73)] ReadMemory at 0x7ffbff0c0000 of 64 bytes failed: Only part of a ReadProcessMemory or WriteProcessMemory request was completed. (0x12B)
[0125/031940.676:WARNING:pe_image_reader.cc(340)] could not read dos header from C:\Program Files (x86)\Google\Chrome\Application\87.0.4280.141\chrome_elf.dll
[0125/031940.676:ERROR:process_memory_win.cc(73)] ReadMemory at 0x7ffc2f650000 of 64 bytes failed: Only part of a ReadProcessMemory or WriteProcessMemory request was completed. (0x12B)
[0125/031940.676:WARNING:pe_image_reader.cc(340)] could not read dos header from C:\WINDOWS\SYSTEM32\VERSION.dll
[0125/031940.676:ERROR:process_memory_win.cc(73)] ReadMemory at 0x7ffc37470000 of 64 bytes failed: Only part of a ReadProcessMemory or WriteProcessMemory request was completed. (0x12B)
[0125/031940.676:WARNING:pe_image_reader.cc(340)] could not read dos header from C:\WINDOWS\System32\msvcrt.dll
[0125/031940.676:ERROR:process_memory_win.cc(73)] ReadMemory at 0x7ffc384a0000 of 64 bytes failed: Only part of a ReadProcessMemory or WriteProcessMemory request was completed. (0x12B)
[0125/031940.676:WARNING:pe_image_reader.cc(340)] could not read dos header from C:\WINDOWS\System32\ADVAPI32.dll
[0125/031940.676:ERROR:process_memory_win.cc(73)] ReadMemory at 0x7ffc39330000 of 64 bytes failed: Only part of a ReadProcessMemory or WriteProcessMemory request was completed. (0x12B)
[0125/031940.677:WARNING:pe_image_reader.cc(340)] could not read dos header from C:\WINDOWS\System32\sechost.dll
[0125/031940.677:ERROR:process_memory_win.cc(73)] ReadMemory at 0x7ffc39200000 of 64 bytes failed: Only part of a ReadProcessMemory or WriteProcessMemory request was completed. (0x12B)
[0125/031940.677:WARNING:pe_image_reader.cc(340)] could not read dos header from C:\WINDOWS\System32\RPCRT4.dll
[0125/031940.677:ERROR:process_memory_win.cc(73)] ReadMemory at 0x7ffbeec70000 of 64 bytes failed: Only part of a ReadProcessMemory or WriteProcessMemory request was completed. (0x12B)
[0125/031940.677:WARNING:pe_image_reader.cc(340)] could not read dos header from C:\Program Files (x86)\Google\Chrome\Application\87.0.4280.141\chrome.dll
[0125/031940.677:ERROR:process_memory_win.cc(73)] ReadMemory at 0x7ffc37b10000 of 64 bytes failed: Only part of a ReadProcessMemory or WriteProcessMemory request was completed. (0x12B)
[0125/031940.677:WARNING:pe_image_reader.cc(340)] could not read dos header from C:\WINDOWS\System32\WS2_32.dll
[0125/031940.677:ERROR:process_memory_win.cc(73)] ReadMemory at 0x7ffc37590000 of 64 bytes failed: Only part of a ReadProcessMemory or WriteProcessMemory request was completed. (0x12B)
[0125/031940.677:WARNING:pe_image_reader.cc(340)] could not read dos header from C:\WINDOWS\System32\OLEAUT32.dll
[0125/031940.677:ERROR:process_memory_win.cc(73)] ReadMemory at 0x7ffc36b50000 of 64 bytes failed: Only part of a ReadProcessMemory or WriteProcessMemory request was completed. (0x12B)
[0125/031940.677:WARNING:pe_image_reader.cc(340)] could not read dos header from C:\WINDOWS\System32\msvcp_win.dll
[0125/031940.677:ERROR:process_memory_win.cc(73)] ReadMemory at 0x7ffc37370000 of 64 bytes failed: Only part of a ReadProcessMemory or WriteProcessMemory request was completed. (0x12B)
[0125/031940.677:WARNING:pe_image_reader.cc(340)] could not read dos header from C:\WINDOWS\System32\ucrtbase.dll
[0125/031940.677:ERROR:process_memory_win.cc(73)] ReadMemory at 0x7ffc38d90000 of 64 bytes failed: Only part of a ReadProcessMemory or WriteProcessMemory request was completed. (0x12B)
[0125/031940.677:WARNING:pe_image_reader.cc(340)] could not read dos header from C:\WINDOWS\System32\combase.dll
[0125/031940.677:ERROR:process_memory_win.cc(73)] ReadMemory at 0x7ffc37010000 of 64 bytes failed: Only part of a ReadProcessMemory or WriteProcessMemory request was completed. (0x12B)
[0125/031940.677:WARNING:pe_image_reader.cc(340)] could not read dos header from C:\WINDOWS\System32\WINTRUST.dll
[0125/031940.677:ERROR:process_memory_win.cc(73)] ReadMemory at 0x7ffc36d00000 of 64 bytes failed: Only part of a ReadProcessMemory or WriteProcessMemory request was completed. (0x12B)
[0125/031940.677:WARNING:pe_image_reader.cc(340)] could not read dos header from C:\WINDOWS\System32\CRYPT32.dll
[0125/031940.677:ERROR:process_memory_win.cc(73)] ReadMemory at 0x7ffc1e7b0000 of 64 bytes failed: Only part of a ReadProcessMemory or WriteProcessMemory request was completed. (0x12B)
[0125/031940.677:WARNING:pe_image_reader.cc(340)] could not read dos header from C:\WINDOWS\SYSTEM32\dbghelp.dll
[0125/031940.677:ERROR:process_memory_win.cc(73)] ReadMemory at 0x7ffc35fd0000 of 64 bytes failed: Only part of a ReadProcessMemory or WriteProcessMemory request was completed. (0x12B)
[0125/031940.677:WARNING:pe_image_reader.cc(340)] could not read dos header from C:\WINDOWS\SYSTEM32\IPHLPAPI.DLL
[0125/031940.677:ERROR:process_memory_win.cc(73)] ReadMemory at 0x7ffc26150000 of 64 bytes failed: Only part of a ReadProcessMemory or WriteProcessMemory request was completed. (0x12B)
[0125/031940.677:WARNING:pe_image_reader.cc(340)] could not read dos header from C:\WINDOWS\SYSTEM32\WINMM.dll
[0125/031940.677:ERROR:process_memory_win.cc(73)] ReadMemory at 0x7ffc0d2b0000 of 64 bytes failed: Only part of a ReadProcessMemory or WriteProcessMemory request was completed. (0x12B)
[0125/031940.677:WARNING:pe_image_reader.cc(340)] could not read dos header from C:\WINDOWS\SYSTEM32\UIAutomationCore.DLL
[0125/031940.677:ERROR:process_memory_win.cc(73)] ReadMemory at 0x7ffc232a0000 of 64 bytes failed: Only part of a ReadProcessMemory or WriteProcessMemory request was completed. (0x12B)
[0125/031940.677:WARNING:pe_image_reader.cc(340)] could not read dos header from C:\WINDOWS\SYSTEM32\Secur32.dll
[0125/031940.678:ERROR:process_memory_win.cc(73)] ReadMemory at 0x7ffc36a40000 of 64 bytes failed: Only part of a ReadProcessMemory or WriteProcessMemory request was completed. (0x12B)
[0125/031940.678:WARNING:pe_image_reader.cc(340)] could not read dos header from C:\WINDOWS\SYSTEM32\USERENV.dll
[0125/031940.678:ERROR:process_memory_win.cc(73)] ReadMemory at 0x7ffc277e0000 of 64 bytes failed: Only part of a ReadProcessMemory or WriteProcessMemory request was completed. (0x12B)
[0125/031940.678:WARNING:pe_image_reader.cc(340)] could not read dos header from C:\WINDOWS\SYSTEM32\DWrite.dll
[0125/031940.678:ERROR:process_memory_win.cc(73)] ReadMemory at 0x7ffc244f0000 of 64 bytes failed: Only part of a ReadProcessMemory or WriteProcessMemory request was completed. (0x12B)
[0125/031940.678:WARNING:pe_image_reader.cc(340)] could not read dos header from C:\WINDOWS\SYSTEM32\WINSPOOL.DRV
[0125/031940.678:ERROR:process_memory_win.cc(73)] ReadMemory at 0x7ffc26420000 of 64 bytes failed: Only part of a ReadProcessMemory or WriteProcessMemory request was completed. (0x12B)
[0125/031940.678:WARNING:pe_image_reader.cc(340)] could not read dos header from C:\WINDOWS\SYSTEM32\WINHTTP.dll
[0125/031940.678:ERROR:process_memory_win.cc(73)] ReadMemory at 0x7ffc2f340000 of 64 bytes failed: Only part of a ReadProcessMemory or WriteProcessMemory request was completed. (0x12B)
[0125/031940.678:WARNING:pe_image_reader.cc(340)] could not read dos header from C:\WINDOWS\SYSTEM32\dhcpcsvc.DLL
[0125/031940.678:ERROR:process_memory_win.cc(73)] ReadMemory at 0x7ffc32310000 of 64 bytes failed: Only part of a ReadProcessMemory or WriteProcessMemory request was completed. (0x12B)
[0125/031940.678:WARNING:pe_image_reader.cc(340)] could not read dos header from C:\WINDOWS\SYSTEM32\PROPSYS.dll
[0125/031940.678:ERROR:process_memory_win.cc(73)] ReadMemory at 0x7ffc36a00000 of 64 bytes failed: Only part of a ReadProcessMemory or WriteProcessMemory request was completed. (0x12B)
[0125/031940.678:WARNING:pe_image_reader.cc(340)] could not read dos header from C:\WINDOWS\SYSTEM32\SSPICLI.DLL
[0125/031940.678:ERROR:process_memory_win.cc(73)] ReadMemory at 0x7ffc36730000 of 64 bytes failed: Only part of a ReadProcessMemory or WriteProcessMemory request was completed. (0x12B)
[0125/031940.678:WARNING:pe_image_reader.cc(340)] could not read dos header from C:\WINDOWS\System32\MSASN1.dll
[0125/031940.678:ERROR:process_memory_win.cc(73)] ReadMemory at 0x7ffc36f60000 of 64 bytes failed: Only part of a ReadProcessMemory or WriteProcessMemory request was completed. (0x12B)
[0125/031940.678:WARNING:pe_image_reader.cc(340)] could not read dos header from C:\WINDOWS\System32\bcryptPrimitives.dll
[0125/031940.678:ERROR:process_memory_win.cc(73)] ReadMemory at 0x7ffc38550000 of 64 bytes failed: Only part of a ReadProcessMemory or WriteProcessMemory request was completed. (0x12B)
[0125/031940.678:WARNING:pe_image_reader.cc(340)] could not read dos header from C:\WINDOWS\System32\SHELL32.dll
[0125/031940.678:ERROR:process_memory_win.cc(73)] ReadMemory at 0x7ffc376f0000 of 64 bytes failed: Only part of a ReadProcessMemory or WriteProcessMemory request was completed. (0x12B)
[0125/031940.678:WARNING:pe_image_reader.cc(340)] could not read dos header from C:\WINDOWS\System32\USER32.dll
[0125/031940.678:ERROR:process_memory_win.cc(73)] ReadMemory at 0x7ffc37340000 of 64 bytes failed: Only part of a ReadProcessMemory or WriteProcessMemory request was completed. (0x12B)
[0125/031940.678:WARNING:pe_image_reader.cc(340)] could not read dos header from C:\WINDOWS\System32\win32u.dll
[0125/031940.678:ERROR:process_memory_win.cc(73)] ReadMemory at 0x7ffc38260000 of 64 bytes failed: Only part of a ReadProcessMemory or WriteProcessMemory request was completed. (0x12B)
[0125/031940.678:WARNING:pe_image_reader.cc(340)] could not read dos header from C:\WINDOWS\System32\GDI32.dll
[0125/031940.678:ERROR:process_memory_win.cc(73)] ReadMemory at 0x7ffc36bf0000 of 64 bytes failed: Only part of a ReadProcessMemory or WriteProcessMemory request was completed. (0x12B)
[0125/031940.678:WARNING:pe_image_reader.cc(340)] could not read dos header from C:\WINDOWS\System32\gdi32full.dll
[0125/031940.678:ERROR:process_memory_win.cc(73)] ReadMemory at 0x7ffc376c0000 of 64 bytes failed: Only part of a ReadProcessMemory or WriteProcessMemory request was completed. (0x12B)
[0125/031940.678:WARNING:pe_image_reader.cc(340)] could not read dos header from C:\WINDOWS\System32\IMM32.DLL
[0125/031940.678:ERROR:process_memory_win.cc(73)] ReadMemory at 0x7ffc34c70000 of 64 bytes failed: Only part of a ReadProcessMemory or WriteProcessMemory request was completed. (0x12B)
[0125/031940.678:WARNING:pe_image_reader.cc(340)] could not read dos header from C:\WINDOWS\SYSTEM32\windows.storage.dll
[0125/031940.678:ERROR:process_memory_win.cc(73)] ReadMemory at 0x7ffc365b0000 of 64 bytes failed: Only part of a ReadProcessMemory or WriteProcessMemory request was completed. (0x12B)
[0125/031940.678:WARNING:pe_image_reader.cc(340)] could not read dos header from C:\WINDOWS\SYSTEM32\Wldp.dll
[0125/031940.679:ERROR:process_memory_win.cc(73)] ReadMemory at 0x7ffc39150000 of 64 bytes failed: Only part of a ReadProcessMemory or WriteProcessMemory request was completed. (0x12B)
[0125/031940.679:WARNING:pe_image_reader.cc(340)] could not read dos header from C:\WINDOWS\System32\SHCORE.dll
[0125/031940.679:ERROR:process_memory_win.cc(73)] ReadMemory at 0x7ffc37660000 of 64 bytes failed: Only part of a ReadProcessMemory or WriteProcessMemory request was completed. (0x12B)
[0125/031940.679:WARNING:pe_image_reader.cc(340)] could not read dos header from C:\WINDOWS\System32\shlwapi.dll
[0125/031940.679:ERROR:process_memory_win.cc(73)] ReadMemory at 0x7ffc36a80000 of 64 bytes failed: Only part of a ReadProcessMemory or WriteProcessMemory request was completed. (0x12B)
[0125/031940.679:WARNING:pe_image_reader.cc(340)] could not read dos header from C:\WINDOWS\SYSTEM32\profapi.dll
[0125/031940.679:ERROR:process_memory_win.cc(73)] ReadMemory at 0x7ffc36520000 of 64 bytes failed: Only part of a ReadProcessMemory or WriteProcessMemory request was completed. (0x12B)
[0125/031940.679:WARNING:pe_image_reader.cc(340)] could not read dos header from C:\WINDOWS\SYSTEM32\CRYPTBASE.DLL
[0125/031940.679:ERROR:process_memory_win.cc(73)] ReadMemory at 0x7ff7320a0000 of 64 bytes failed: Only part of a ReadProcessMemory or WriteProcessMemory request was completed. (0x12B)
[0125/031940.679:WARNING:pe_image_reader.cc(340)] could not read dos header from C:\Program Files (x86)\Google\Chrome\Application\chrome.exe
[0125/031940.679:ERROR:process_memory_win.cc(73)] ReadMemory at 0x7ffc39410000 of 64 bytes failed: Only part of a ReadProcessMemory or WriteProcessMemory request was completed. (0x12B)
[0125/031940.679:WARNING:pe_image_reader.cc(340)] could not read dos header from C:\WINDOWS\SYSTEM32\ntdll.dll
[0125/031940.679:ERROR:process_memory_win.cc(73)] ReadMemory at 0x7ffc37b80000 of 64 bytes failed: Only part of a ReadProcessMemory or WriteProcessMemory request was completed. (0x12B)
[0125/031940.679:WARNING:pe_image_reader.cc(340)] could not read dos header from C:\WINDOWS\System32\KERNEL32.DLL
[0125/031940.679:ERROR:process_memory_win.cc(73)] ReadMemory at 0x7ffc37070000 of 64 bytes failed: Only part of a ReadProcessMemory or WriteProcessMemory request was completed. (0x12B)
[0125/031940.679:WARNING:pe_image_reader.cc(340)] could not read dos header from C:\WINDOWS\System32\KERNELBASE.dll
[0125/031940.679:ERROR:process_memory_win.cc(73)] ReadMemory at 0x7ffbff0c0000 of 64 bytes failed: Only part of a ReadProcessMemory or WriteProcessMemory request was completed. (0x12B)
[0125/031940.679:WARNING:pe_image_reader.cc(340)] could not read dos header from C:\Program Files (x86)\Google\Chrome\Application\87.0.4280.141\chrome_elf.dll
[0125/031940.679:ERROR:process_memory_win.cc(73)] ReadMemory at 0x7ffc2f650000 of 64 bytes failed: Only part of a ReadProcessMemory or WriteProcessMemory request was completed. (0x12B)
[0125/031940.679:WARNING:pe_image_reader.cc(340)] could not read dos header from C:\WINDOWS\SYSTEM32\VERSION.dll
[0125/031940.679:ERROR:process_memory_win.cc(73)] ReadMemory at 0x7ffc37470000 of 64 bytes failed: Only part of a ReadProcessMemory or WriteProcessMemory request was completed. (0x12B)
[0125/031940.679:WARNING:pe_image_reader.cc(340)] could not read dos header from C:\WINDOWS\System32\msvcrt.dll
[0125/031940.679:ERROR:process_memory_win.cc(73)] ReadMemory at 0x7ffc384a0000 of 64 bytes failed: Only part of a ReadProcessMemory or WriteProcessMemory request was completed. (0x12B)
[0125/031940.679:WARNING:pe_image_reader.cc(340)] could not read dos header from C:\WINDOWS\System32\ADVAPI32.dll
[0125/031940.679:ERROR:process_memory_win.cc(73)] ReadMemory at 0x7ffc39330000 of 64 bytes failed: Only part of a ReadProcessMemory or WriteProcessMemory request was completed. (0x12B)
[0125/031940.679:WARNING:pe_image_reader.cc(340)] could not read dos header from C:\WINDOWS\System32\sechost.dll
[0125/031940.679:ERROR:process_memory_win.cc(73)] ReadMemory at 0x7ffc39200000 of 64 bytes failed: Only part of a ReadProcessMemory or WriteProcessMemory request was completed. (0x12B)
[0125/031940.679:WARNING:pe_image_reader.cc(340)] could not read dos header from C:\WINDOWS\System32\RPCRT4.dll
[0125/031940.679:ERROR:process_memory_win.cc(73)] ReadMemory at 0x7ffbeec70000 of 64 bytes failed: Only part of a ReadProcessMemory or WriteProcessMemory request was completed. (0x12B)
[0125/031940.679:WARNING:pe_image_reader.cc(340)] could not read dos header from C:\Program Files (x86)\Google\Chrome\Application\87.0.4280.141\chrome.dll
[0125/031940.679:ERROR:process_memory_win.cc(73)] ReadMemory at 0x7ffc37b10000 of 64 bytes failed: Only part of a ReadProcessMemory or WriteProcessMemory request was completed. (0x12B)
[0125/031940.679:WARNING:pe_image_reader.cc(340)] could not read dos header from C:\WINDOWS\System32\WS2_32.dll
[0125/031940.680:ERROR:process_memory_win.cc(73)] ReadMemory at 0x7ffc37590000 of 64 bytes failed: Only part of a ReadProcessMemory or WriteProcessMemory request was completed. (0x12B)
[0125/031940.680:WARNING:pe_image_reader.cc(340)] could not read dos header from C:\WINDOWS\System32\OLEAUT32.dll
[0125/031940.680:ERROR:process_memory_win.cc(73)] ReadMemory at 0x7ffc36b50000 of 64 bytes failed: Only part of a ReadProcessMemory or WriteProcessMemory request was completed. (0x12B)
[0125/031940.680:WARNING:pe_image_reader.cc(340)] could not read dos header from C:\WINDOWS\System32\msvcp_win.dll
[0125/031940.680:ERROR:process_memory_win.cc(73)] ReadMemory at 0x7ffc37370000 of 64 bytes failed: Only part of a ReadProcessMemory or WriteProcessMemory request was completed. (0x12B)
[0125/031940.680:WARNING:pe_image_reader.cc(340)] could not read dos header from C:\WINDOWS\System32\ucrtbase.dll
[0125/031940.680:ERROR:process_memory_win.cc(73)] ReadMemory at 0x7ffc38d90000 of 64 bytes failed: Only part of a ReadProcessMemory or WriteProcessMemory request was completed. (0x12B)
[0125/031940.680:WARNING:pe_image_reader.cc(340)] could not read dos header from C:\WINDOWS\System32\combase.dll
[0125/031940.680:ERROR:process_memory_win.cc(73)] ReadMemory at 0x7ffc37010000 of 64 bytes failed: Only part of a ReadProcessMemory or WriteProcessMemory request was completed. (0x12B)
[0125/031940.680:WARNING:pe_image_reader.cc(340)] could not read dos header from C:\WINDOWS\System32\WINTRUST.dll
[0125/031940.680:ERROR:process_memory_win.cc(73)] ReadMemory at 0x7ffc36d00000 of 64 bytes failed: Only part of a ReadProcessMemory or WriteProcessMemory request was completed. (0x12B)
[0125/031940.680:WARNING:pe_image_reader.cc(340)] could not read dos header from C:\WINDOWS\System32\CRYPT32.dll
[0125/031940.680:ERROR:process_memory_win.cc(73)] ReadMemory at 0x7ffc1e7b0000 of 64 bytes failed: Only part of a ReadProcessMemory or WriteProcessMemory request was completed. (0x12B)
[0125/031940.680:WARNING:pe_image_reader.cc(340)] could not read dos header from C:\WINDOWS\SYSTEM32\dbghelp.dll
[0125/031940.680:ERROR:process_memory_win.cc(73)] ReadMemory at 0x7ffc35fd0000 of 64 bytes failed: Only part of a ReadProcessMemory or WriteProcessMemory request was completed. (0x12B)
[0125/031940.680:WARNING:pe_image_reader.cc(340)] could not read dos header from C:\WINDOWS\SYSTEM32\IPHLPAPI.DLL
[0125/031940.680:ERROR:process_memory_win.cc(73)] ReadMemory at 0x7ffc26150000 of 64 bytes failed: Only part of a ReadProcessMemory or WriteProcessMemory request was completed. (0x12B)
[0125/031940.680:WARNING:pe_image_reader.cc(340)] could not read dos header from C:\WINDOWS\SYSTEM32\WINMM.dll
[0125/031940.680:ERROR:process_memory_win.cc(73)] ReadMemory at 0x7ffc0d2b0000 of 64 bytes failed: Only part of a ReadProcessMemory or WriteProcessMemory request was completed. (0x12B)
[0125/031940.680:WARNING:pe_image_reader.cc(340)] could not read dos header from C:\WINDOWS\SYSTEM32\UIAutomationCore.DLL
[0125/031940.680:ERROR:process_memory_win.cc(73)] ReadMemory at 0x7ffc232a0000 of 64 bytes failed: Only part of a ReadProcessMemory or WriteProcessMemory request was completed. (0x12B)
[0125/031940.680:WARNING:pe_image_reader.cc(340)] could not read dos header from C:\WINDOWS\SYSTEM32\Secur32.dll
[0125/031940.680:ERROR:process_memory_win.cc(73)] ReadMemory at 0x7ffc36a40000 of 64 bytes failed: Only part of a ReadProcessMemory or WriteProcessMemory request was completed. (0x12B)
[0125/031940.680:WARNING:pe_image_reader.cc(340)] could not read dos header from C:\WINDOWS\SYSTEM32\USERENV.dll
[0125/031940.680:ERROR:process_memory_win.cc(73)] ReadMemory at 0x7ffc277e0000 of 64 bytes failed: Only part of a ReadProcessMemory or WriteProcessMemory request was completed. (0x12B)
[0125/031940.680:WARNING:pe_image_reader.cc(340)] could not read dos header from C:\WINDOWS\SYSTEM32\DWrite.dll
[0125/031940.680:ERROR:process_memory_win.cc(73)] ReadMemory at 0x7ffc244f0000 of 64 bytes failed: Only part of a ReadProcessMemory or WriteProcessMemory request was completed. (0x12B)
[0125/031940.680:WARNING:pe_image_reader.cc(340)] could not read dos header from C:\WINDOWS\SYSTEM32\WINSPOOL.DRV
[0125/031940.680:ERROR:process_memory_win.cc(73)] ReadMemory at 0x7ffc26420000 of 64 bytes failed: Only part of a ReadProcessMemory or WriteProcessMemory request was completed. (0x12B)
[0125/031940.680:WARNING:pe_image_reader.cc(340)] could not read dos header from C:\WINDOWS\SYSTEM32\WINHTTP.dll
[0125/031940.680:ERROR:process_memory_win.cc(73)] ReadMemory at 0x7ffc2f340000 of 64 bytes failed: Only part of a ReadProcessMemory or WriteProcessMemory request was completed. (0x12B)
[0125/031940.680:WARNING:pe_image_reader.cc(340)] could not read dos header from C:\WINDOWS\SYSTEM32\dhcpcsvc.DLL
[0125/031940.680:ERROR:process_memory_win.cc(73)] ReadMemory at 0x7ffc32310000 of 64 bytes failed: Only part of a ReadProcessMemory or WriteProcessMemory request was completed. (0x12B)
[0125/031940.680:WARNING:pe_image_reader.cc(340)] could not read dos header from C:\WINDOWS\SYSTEM32\PROPSYS.dll
[0125/031940.681:ERROR:process_memory_win.cc(73)] ReadMemory at 0x7ffc36a00000 of 64 bytes failed: Only part of a ReadProcessMemory or WriteProcessMemory request was completed. (0x12B)
[0125/031940.681:WARNING:pe_image_reader.cc(340)] could not read dos header from C:\WINDOWS\SYSTEM32\SSPICLI.DLL
[0125/031940.681:ERROR:process_memory_win.cc(73)] ReadMemory at 0x7ffc36730000 of 64 bytes failed: Only part of a ReadProcessMemory or WriteProcessMemory request was completed. (0x12B)
[0125/031940.681:WARNING:pe_image_reader.cc(340)] could not read dos header from C:\WINDOWS\System32\MSASN1.dll
[0125/031940.681:ERROR:process_memory_win.cc(73)] ReadMemory at 0x7ffc36f60000 of 64 bytes failed: Only part of a ReadProcessMemory or WriteProcessMemory request was completed. (0x12B)
[0125/031940.681:WARNING:pe_image_reader.cc(340)] could not read dos header from C:\WINDOWS\System32\bcryptPrimitives.dll
[0125/031940.681:ERROR:process_memory_win.cc(73)] ReadMemory at 0x7ffc38550000 of 64 bytes failed: Only part of a ReadProcessMemory or WriteProcessMemory request was completed. (0x12B)
[0125/031940.681:WARNING:pe_image_reader.cc(340)] could not read dos header from C:\WINDOWS\System32\SHELL32.dll
[0125/031940.681:ERROR:process_memory_win.cc(73)] ReadMemory at 0x7ffc376f0000 of 64 bytes failed: Only part of a ReadProcessMemory or WriteProcessMemory request was completed. (0x12B)
[0125/031940.681:WARNING:pe_image_reader.cc(340)] could not read dos header from C:\WINDOWS\System32\USER32.dll
[0125/031940.681:ERROR:process_memory_win.cc(73)] ReadMemory at 0x7ffc37340000 of 64 bytes failed: Only part of a ReadProcessMemory or WriteProcessMemory request was completed. (0x12B)
[0125/031940.681:WARNING:pe_image_reader.cc(340)] could not read dos header from C:\WINDOWS\System32\win32u.dll
[0125/031940.681:ERROR:process_memory_win.cc(73)] ReadMemory at 0x7ffc38260000 of 64 bytes failed: Only part of a ReadProcessMemory or WriteProcessMemory request was completed. (0x12B)
[0125/031940.681:WARNING:pe_image_reader.cc(340)] could not read dos header from C:\WINDOWS\System32\GDI32.dll
[0125/031940.681:ERROR:process_memory_win.cc(73)] ReadMemory at 0x7ffc36bf0000 of 64 bytes failed: Only part of a ReadProcessMemory or WriteProcessMemory request was completed. (0x12B)
[0125/031940.681:WARNING:pe_image_reader.cc(340)] could not read dos header from C:\WINDOWS\System32\gdi32full.dll
[0125/031940.681:ERROR:process_memory_win.cc(73)] ReadMemory at 0x7ffc376c0000 of 64 bytes failed: Only part of a ReadProcessMemory or WriteProcessMemory request was completed. (0x12B)
[0125/031940.681:WARNING:pe_image_reader.cc(340)] could not read dos header from C:\WINDOWS\System32\IMM32.DLL
[0125/031940.681:ERROR:process_memory_win.cc(73)] ReadMemory at 0x7ffc34c70000 of 64 bytes failed: Only part of a ReadProcessMemory or WriteProcessMemory request was completed. (0x12B)
[0125/031940.681:WARNING:pe_image_reader.cc(340)] could not read dos header from C:\WINDOWS\SYSTEM32\windows.storage.dll
[0125/031940.681:ERROR:process_memory_win.cc(73)] ReadMemory at 0x7ffc365b0000 of 64 bytes failed: Only part of a ReadProcessMemory or WriteProcessMemory request was completed. (0x12B)
[0125/031940.681:WARNING:pe_image_reader.cc(340)] could not read dos header from C:\WINDOWS\SYSTEM32\Wldp.dll
[0125/031940.681:ERROR:process_memory_win.cc(73)] ReadMemory at 0x7ffc39150000 of 64 bytes failed: Only part of a ReadProcessMemory or WriteProcessMemory request was completed. (0x12B)
[0125/031940.682:WARNING:pe_image_reader.cc(340)] could not read dos header from C:\WINDOWS\System32\SHCORE.dll
[0125/031940.682:ERROR:process_memory_win.cc(73)] ReadMemory at 0x7ffc37660000 of 64 bytes failed: Only part of a ReadProcessMemory or WriteProcessMemory request was completed. (0x12B)
[0125/031940.682:WARNING:pe_image_reader.cc(340)] could not read dos header from C:\WINDOWS\System32\shlwapi.dll
[0125/031940.682:ERROR:process_memory_win.cc(73)] ReadMemory at 0x7ffc36a80000 of 64 bytes failed: Only part of a ReadProcessMemory or WriteProcessMemory request was completed. (0x12B)
[0125/031940.682:WARNING:pe_image_reader.cc(340)] could not read dos header from C:\WINDOWS\SYSTEM32\profapi.dll
[0125/031940.682:ERROR:process_memory_win.cc(73)] ReadMemory at 0x7ffc36520000 of 64 bytes failed: Only part of a ReadProcessMemory or WriteProcessMemory request was completed. (0x12B)
[0125/031940.682:WARNING:pe_image_reader.cc(340)] could not read dos header from C:\WINDOWS\SYSTEM32\CRYPTBASE.DLL
[0125/031940.691:ERROR:process_memory_win.cc(73)] ReadMemory at 0x66719dd000 of 143360 bytes failed: Only part of a ReadProcessMemory or WriteProcessMemory request was completed. (0x12B)
[0125/031940.691:ERROR:process_memory_win.cc(73)] ReadMemory at 0x66721fd000 of 12288 bytes failed: Only part of a ReadProcessMemory or WriteProcessMemory request was completed. (0x12B)
[0125/031940.691:ERROR:process_memory_win.cc(73)] ReadMemory at 0x66731fe000 of 8192 bytes failed: Only part of a ReadProcessMemory or WriteProcessMemory request was completed. (0x12B)
[0125/031940.691:ERROR:process_memory_win.cc(73)] ReadMemory at 0x66739fd000 of 12288 bytes failed: Only part of a ReadProcessMemory or WriteProcessMemory request was completed. (0x12B)
[0125/031940.691:ERROR:process_memory_win.cc(73)] ReadMemory at 0x66741fe000 of 8192 bytes failed: Only part of a ReadProcessMemory or WriteProcessMemory request was completed. (0x12B)
[0125/031940.691:ERROR:process_memory_win.cc(73)] ReadMemory at 0x66749fe000 of 8192 bytes failed: Only part of a ReadProcessMemory or WriteProcessMemory request was completed. (0x12B)
[0125/031940.691:ERROR:process_memory_win.cc(73)] ReadMemory at 0x66759fd000 of 12288 bytes failed: Only part of a ReadProcessMemory or WriteProcessMemory request was completed. (0x12B)
[0125/031940.691:ERROR:process_memory_win.cc(73)] ReadMemory at 0x66769fe000 of 8192 bytes failed: Only part of a ReadProcessMemory or WriteProcessMemory request was completed. (0x12B)
[0125/031940.692:ERROR:process_memory_win.cc(73)] ReadMemory at 0x66771fe000 of 8192 bytes failed: Only part of a ReadProcessMemory or WriteProcessMemory request was completed. (0x12B)
[0125/031940.692:ERROR:process_memory_win.cc(73)] ReadMemory at 0x66779fc000 of 16384 bytes failed: Only part of a ReadProcessMemory or WriteProcessMemory request was completed. (0x12B)
[0125/031940.692:ERROR:process_memory_win.cc(73)] ReadMemory at 0x66781fe000 of 8192 bytes failed: Only part of a ReadProcessMemory or WriteProcessMemory request was completed. (0x12B)
[0125/031940.692:ERROR:process_memory_win.cc(73)] ReadMemory at 0x66789fd000 of 12288 bytes failed: Only part of a ReadProcessMemory or WriteProcessMemory request was completed. (0x12B)
[0125/031940.692:ERROR:process_memory_win.cc(73)] ReadMemory at 0x66791fe000 of 8192 bytes failed: Only part of a ReadProcessMemory or WriteProcessMemory request was completed. (0x12B)
[0125/031940.692:ERROR:process_memory_win.cc(73)] ReadMemory at 0x66729fe000 of 8192 bytes failed: Only part of a ReadProcessMemory or WriteProcessMemory request was completed. (0x12B)
[0125/031940.692:ERROR:process_memory_win.cc(73)] ReadMemory at 0x66751fe000 of 8192 bytes failed: Only part of a ReadProcessMemory or WriteProcessMemory request was completed. (0x12B)
[0125/031940.692:ERROR:process_memory_win.cc(73)] ReadMemory at 0x667a9fc000 of 16384 bytes failed: Only part of a ReadProcessMemory or WriteProcessMemory request was completed. (0x12B)
[0125/031940.692:ERROR:process_memory_win.cc(73)] ReadMemory at 0x66761fe000 of 8192 bytes failed: Only part of a ReadProcessMemory or WriteProcessMemory request was completed. (0x12B)
[0125/031940.692:ERROR:process_memory_win.cc(73)] ReadMemory at 0x6671065000 of 852 bytes failed: Only part of a ReadProcessMemory or WriteProcessMemory request was completed. (0x12B)
[0125/031940.692:ERROR:process_memory_win.cc(73)] ReadMemory at 0x6671066000 of 6024 bytes failed: Only part of a ReadProcessMemory or WriteProcessMemory request was completed. (0x12B)
[0125/031940.692:ERROR:process_memory_win.cc(73)] ReadMemory at 0x6671068000 of 6024 bytes failed: Only part of a ReadProcessMemory or WriteProcessMemory request was completed. (0x12B)
[0125/031940.692:ERROR:process_memory_win.cc(73)] ReadMemory at 0x667106c000 of 6024 bytes failed: Only part of a ReadProcessMemory or WriteProcessMemory request was completed. (0x12B)
[0125/031940.693:ERROR:process_memory_win.cc(73)] ReadMemory at 0x667106e000 of 6024 bytes failed: Only part of a ReadProcessMemory or WriteProcessMemory request was completed. (0x12B)
[0125/031940.693:ERROR:process_memory_win.cc(73)] ReadMemory at 0x6671070000 of 6024 bytes failed: Only part of a ReadProcessMemory or WriteProcessMemory request was completed. (0x12B)
[0125/031940.693:ERROR:process_memory_win.cc(73)] ReadMemory at 0x6671072000 of 6024 bytes failed: Only part of a ReadProcessMemory or WriteProcessMemory request was completed. (0x12B)
[0125/031940.693:ERROR:process_memory_win.cc(73)] ReadMemory at 0x6671076000 of 6024 bytes failed: Only part of a ReadProcessMemory or WriteProcessMemory request was completed. (0x12B)
[0125/031940.693:ERROR:process_memory_win.cc(73)] ReadMemory at 0x667107a000 of 6024 bytes failed: Only part of a ReadProcessMemory or WriteProcessMemory request was completed. (0x12B)
[0125/031940.693:ERROR:process_memory_win.cc(73)] ReadMemory at 0x667107c000 of 6024 bytes failed: Only part of a ReadProcessMemory or WriteProcessMemory request was completed. (0x12B)
[0125/031940.693:ERROR:process_memory_win.cc(73)] ReadMemory at 0x667107e000 of 6024 bytes failed: Only part of a ReadProcessMemory or WriteProcessMemory request was completed. (0x12B)
[0125/031940.693:ERROR:process_memory_win.cc(73)] ReadMemory at 0x6671080000 of 6024 bytes failed: Only part of a ReadProcessMemory or WriteProcessMemory request was completed. (0x12B)
[0125/031940.693:ERROR:process_memory_win.cc(73)] ReadMemory at 0x6671082000 of 6024 bytes failed: Only part of a ReadProcessMemory or WriteProcessMemory request was completed. (0x12B)
[0125/031940.693:ERROR:process_memory_win.cc(73)] ReadMemory at 0x6671084000 of 6024 bytes failed: Only part of a ReadProcessMemory or WriteProcessMemory request was completed. (0x12B)
[0125/031940.693:ERROR:process_memory_win.cc(73)] ReadMemory at 0x6671090000 of 6024 bytes failed: Only part of a ReadProcessMemory or WriteProcessMemory request was completed. (0x12B)
[0125/031940.693:ERROR:process_memory_win.cc(73)] ReadMemory at 0x6671092000 of 6024 bytes failed: Only part of a ReadProcessMemory or WriteProcessMemory request was completed. (0x12B)
[0125/031940.693:ERROR:process_memory_win.cc(73)] ReadMemory at 0x667109a000 of 6024 bytes failed: Only part of a ReadProcessMemory or WriteProcessMemory request was completed. (0x12B)
[0125/031940.694:ERROR:process_memory_win.cc(73)] ReadMemory at 0x667109e000 of 6024 bytes failed: Only part of a ReadProcessMemory or WriteProcessMemory request was completed. (0x12B)
[0125/031940.694:ERROR:process_memory_win.cc(73)] ReadMemory at 0x21b68e20fe0 of 5710 bytes failed: Only part of a ReadProcessMemory or WriteProcessMemory request was completed. (0x12B)
[0125/031940.694:ERROR:process_memory_win.cc(73)] ReadMemory at 0x21b68e22640 of 1012 bytes failed: Only part of a ReadProcessMemory or WriteProcessMemory request was completed. (0x12B)
[0125/031940.694:ERROR:process_memory_win.cc(73)] ReadMemory at 0x21b68e22c88 of 118 bytes failed: Only part of a ReadProcessMemory or WriteProcessMemory request was completed. (0x12B)
[0125/031940.694:ERROR:process_memory_win.cc(73)] ReadMemory at 0x21b68e22d00 of 1120 bytes failed: Only part of a ReadProcessMemory or WriteProcessMemory request was completed. (0x12B)
[0125/031940.694:ERROR:process_memory_win.cc(73)] ReadMemory at 0x21b68e23162 of 118 bytes failed: Only part of a ReadProcessMemory or WriteProcessMemory request was completed. (0x12B)
[0125/031940.694:ERROR:process_memory_win.cc(73)] ReadMemory at 0x21b68e231da of 96 bytes failed: Only part of a ReadProcessMemory or WriteProcessMemory request was completed. (0x12B)
[0125/031940.694:ERROR:process_memory_win.cc(73)] ReadMemory at 0x21b68e23250 of 58 bytes failed: Only part of a ReadProcessMemory or WriteProcessMemory request was completed. (0x12B)
[0125/031940.694:ERROR:process_memory_win.cc(73)] ReadMemory at 0x21b68e23350 of 132 bytes failed: Only part of a ReadProcessMemory or WriteProcessMemory request was completed. (0x12B)
[0125/031940.694:ERROR:process_memory_win.cc(73)] ReadMemory at 0x21b68e234e0 of 132 bytes failed: Only part of a ReadProcessMemory or WriteProcessMemory request was completed. (0x12B)
[0125/031940.694:ERROR:process_memory_win.cc(73)] ReadMemory at 0x21b68e236a0 of 126 bytes failed: Only part of a ReadProcessMemory or WriteProcessMemory request was completed. (0x12B)
[0125/031940.694:ERROR:process_memory_win.cc(73)] ReadMemory at 0x21b68e23ba0 of 132 bytes failed: Only part of a ReadProcessMemory or WriteProcessMemory request was completed. (0x12B)
[0125/031940.694:ERROR:process_memory_win.cc(73)] ReadMemory at 0x21b68e23d30 of 64 bytes failed: Only part of a ReadProcessMemory or WriteProcessMemory request was completed. (0x12B)
[0125/031940.694:ERROR:process_memory_win.cc(73)] ReadMemory at 0x21b68e23ef0 of 132 bytes failed: Only part of a ReadProcessMemory or WriteProcessMemory request was completed. (0x12B)
[0125/031940.694:ERROR:process_memory_win.cc(73)] ReadMemory at 0x21b68e241b0 of 132 bytes failed: Only part of a ReadProcessMemory or WriteProcessMemory request was completed. (0x12B)
[0125/031940.695:ERROR:process_memory_win.cc(73)] ReadMemory at 0x21b68e24340 of 68 bytes failed: Only part of a ReadProcessMemory or WriteProcessMemory request was completed. (0x12B)
[0125/031940.695:ERROR:process_memory_win.cc(73)] ReadMemory at 0x21b68e25460 of 132 bytes failed: Only part of a ReadProcessMemory or WriteProcessMemory request was completed. (0x12B)
[0125/031940.695:ERROR:process_memory_win.cc(73)] ReadMemory at 0x21b68e25590 of 154 bytes failed: Only part of a ReadProcessMemory or WriteProcessMemory request was completed. (0x12B)
[0125/031940.695:ERROR:process_memory_win.cc(73)] ReadMemory at 0x21b68e26350 of 60 bytes failed: Only part of a ReadProcessMemory or WriteProcessMemory request was completed. (0x12B)
[0125/031940.695:ERROR:process_memory_win.cc(73)] ReadMemory at 0x21b68e263a0 of 62 bytes failed: Only part of a ReadProcessMemory or WriteProcessMemory request was completed. (0x12B)
[0125/031940.695:ERROR:process_memory_win.cc(73)] ReadMemory at 0x21b68e26590 of 132 bytes failed: Only part of a ReadProcessMemory or WriteProcessMemory request was completed. (0x12B)
[0125/031940.695:ERROR:process_memory_win.cc(73)] ReadMemory at 0x21b68e2b4a0 of 60 bytes failed: Only part of a ReadProcessMemory or WriteProcessMemory request was completed. (0x12B)
[0125/031940.695:ERROR:process_memory_win.cc(73)] ReadMemory at 0x21b68e2ee81 of 512 bytes failed: Only part of a ReadProcessMemory or WriteProcessMemory request was completed. (0x12B)
[0125/031940.695:ERROR:process_memory_win.cc(73)] ReadMemory at 0x21b68e33cb0 of 132 bytes failed: Only part of a ReadProcessMemory or WriteProcessMemory request was completed. (0x12B)
[0125/031940.695:ERROR:process_memory_win.cc(73)] ReadMemory at 0x21b68e342d0 of 80 bytes failed: Only part of a ReadProcessMemory or WriteProcessMemory request was completed. (0x12B)
[0125/031940.695:ERROR:process_memory_win.cc(73)] ReadMemory at 0x21b68e34850 of 132 bytes failed: Only part of a ReadProcessMemory or WriteProcessMemory request was completed. (0x12B)
[0125/031940.695:ERROR:process_memory_win.cc(73)] ReadMemory at 0x21b68e35280 of 132 bytes failed: Only part of a ReadProcessMemory or WriteProcessMemory request was completed. (0x12B)
[0125/031940.695:ERROR:process_memory_win.cc(73)] ReadMemory at 0x21b68e35650 of 146 bytes failed: Only part of a ReadProcessMemory or WriteProcessMemory request was completed. (0x12B)
[0125/031940.695:ERROR:process_memory_win.cc(73)] ReadMemory at 0x21b68e365c0 of 132 bytes failed: Only part of a ReadProcessMemory or WriteProcessMemory request was completed. (0x12B)
[0125/031940.695:ERROR:process_memory_win.cc(73)] ReadMemory at 0x21b68e366f0 of 132 bytes failed: Only part of a ReadProcessMemory or WriteProcessMemory request was completed. (0x12B)
[0125/031940.695:ERROR:process_memory_win.cc(73)] ReadMemory at 0x21b68e36820 of 132 bytes failed: Only part of a ReadProcessMemory or WriteProcessMemory request was completed. (0x12B)
[0125/031940.696:ERROR:process_memory_win.cc(73)] ReadMemory at 0x21b68e36950 of 132 bytes failed: Only part of a ReadProcessMemory or WriteProcessMemory request was completed. (0x12B)
[0125/031940.696:ERROR:process_memory_win.cc(73)] ReadMemory at 0x21b68e36a80 of 132 bytes failed: Only part of a ReadProcessMemory or WriteProcessMemory request was completed. (0x12B)
[0125/031940.696:ERROR:process_memory_win.cc(73)] ReadMemory at 0x21b68e36bb0 of 132 bytes failed: Only part of a ReadProcessMemory or WriteProcessMemory request was completed. (0x12B)
[0125/031940.696:ERROR:process_memory_win.cc(73)] ReadMemory at 0x21b68e36ce0 of 132 bytes failed: Only part of a ReadProcessMemory or WriteProcessMemory request was completed. (0x12B)
[0125/031940.696:ERROR:process_memory_win.cc(73)] ReadMemory at 0x21b68e36e10 of 132 bytes failed: Only part of a ReadProcessMemory or WriteProcessMemory request was completed. (0x12B)
[0125/031940.696:ERROR:process_memory_win.cc(73)] ReadMemory at 0x21b68e36f40 of 132 bytes failed: Only part of a ReadProcessMemory or WriteProcessMemory request was completed. (0x12B)
[0125/031940.696:ERROR:process_memory_win.cc(73)] ReadMemory at 0x21b68e37070 of 132 bytes failed: Only part of a ReadProcessMemory or WriteProcessMemory request was completed. (0x12B)
[0125/031940.696:ERROR:process_memory_win.cc(73)] ReadMemory at 0x21b68e371a0 of 132 bytes failed: Only part of a ReadProcessMemory or WriteProcessMemory request was completed. (0x12B)
[0125/031940.696:ERROR:process_memory_win.cc(73)] ReadMemory at 0x21b68e372d0 of 132 bytes failed: Only part of a ReadProcessMemory or WriteProcessMemory request was completed. (0x12B)
[0125/031940.696:ERROR:process_memory_win.cc(73)] ReadMemory at 0x21b68e37400 of 132 bytes failed: Only part of a ReadProcessMemory or WriteProcessMemory request was completed. (0x12B)
[0125/031940.696:ERROR:process_memory_win.cc(73)] ReadMemory at 0x21b68e38e90 of 132 bytes failed: Only part of a ReadProcessMemory or WriteProcessMemory request was completed. (0x12B)
[0125/031940.696:ERROR:process_memory_win.cc(73)] ReadMemory at 0x21b68e39cd0 of 132 bytes failed: Only part of a ReadProcessMemory or WriteProcessMemory request was completed. (0x12B)
[0125/031940.696:ERROR:process_memory_win.cc(73)] ReadMemory at 0x21b68e3a060 of 132 bytes failed: Only part of a ReadProcessMemory or WriteProcessMemory request was completed. (0x12B)
[0125/031940.696:ERROR:process_memory_win.cc(73)] ReadMemory at 0x21b68e3c060 of 132 bytes failed: Only part of a ReadProcessMemory or WriteProcessMemory request was completed. (0x12B)
[0125/031940.696:ERROR:process_memory_win.cc(73)] ReadMemory at 0x21b68e3c280 of 132 bytes failed: Only part of a ReadProcessMemory or WriteProcessMemory request was completed. (0x12B)
[0125/031940.697:ERROR:process_memory_win.cc(73)] ReadMemory at 0x21b68e3c5d0 of 132 bytes failed: Only part of a ReadProcessMemory or WriteProcessMemory request was completed. (0x12B)
[0125/031940.697:ERROR:process_memory_win.cc(73)] ReadMemory at 0x21b68e3d8a0 of 62 bytes failed: Only part of a ReadProcessMemory or WriteProcessMemory request was completed. (0x12B)
[0125/031940.697:ERROR:process_memory_win.cc(73)] ReadMemory at 0x21b68e3d8f0 of 64 bytes failed: Only part of a ReadProcessMemory or WriteProcessMemory request was completed. (0x12B)
[0125/031940.697:ERROR:process_memory_win.cc(73)] ReadMemory at 0x21b68e3da30 of 62 bytes failed: Only part of a ReadProcessMemory or WriteProcessMemory request was completed. (0x12B)
[0125/031940.697:ERROR:process_memory_win.cc(73)] ReadMemory at 0x21b68e3db20 of 62 bytes failed: Only part of a ReadProcessMemory or WriteProcessMemory request was completed. (0x12B)
[0125/031940.697:ERROR:process_memory_win.cc(73)] ReadMemory at 0x21b68e3dbc0 of 64 bytes failed: Only part of a ReadProcessMemory or WriteProcessMemory request was completed. (0x12B)
[0125/031940.697:ERROR:process_memory_win.cc(73)] ReadMemory at 0x21b68e3dc10 of 62 bytes failed: Only part of a ReadProcessMemory or WriteProcessMemory request was completed. (0x12B)
[0125/031940.697:ERROR:process_memory_win.cc(73)] ReadMemory at 0x21b68e3dc60 of 64 bytes failed: Only part of a ReadProcessMemory or WriteProcessMemory request was completed. (0x12B)
[0125/031940.697:ERROR:process_memory_win.cc(73)] ReadMemory at 0x21b68e3dcb0 of 62 bytes failed: Only part of a ReadProcessMemory or WriteProcessMemory request was completed. (0x12B)
[0125/031940.697:ERROR:process_memory_win.cc(73)] ReadMemory at 0x21b68e3dd00 of 62 bytes failed: Only part of a ReadProcessMemory or WriteProcessMemory request was completed. (0x12B)
[0125/031940.697:ERROR:process_memory_win.cc(73)] ReadMemory at 0x21b68e3dd50 of 62 bytes failed: Only part of a ReadProcessMemory or WriteProcessMemory request was completed. (0x12B)
[0125/031940.697:ERROR:process_memory_win.cc(73)] ReadMemory at 0x21b68e3de40 of 60 bytes failed: Only part of a ReadProcessMemory or WriteProcessMemory request was completed. (0x12B)
[0125/031940.697:ERROR:process_memory_win.cc(73)] ReadMemory at 0x21b68e3df80 of 62 bytes failed: Only part of a ReadProcessMemory or WriteProcessMemory request was completed. (0x12B)
[0125/031940.697:ERROR:process_memory_win.cc(73)] ReadMemory at 0x21b68e3e110 of 64 bytes failed: Only part of a ReadProcessMemory or WriteProcessMemory request was completed. (0x12B)
[0125/031940.697:ERROR:process_memory_win.cc(73)] ReadMemory at 0x21b68e3e200 of 62 bytes failed: Only part of a ReadProcessMemory or WriteProcessMemory request was completed. (0x12B)
[0125/031940.697:ERROR:process_memory_win.cc(73)] ReadMemory at 0x21b68e3e2f0 of 60 bytes failed: Only part of a ReadProcessMemory or WriteProcessMemory request was completed. (0x12B)
[0125/031940.697:ERROR:process_memory_win.cc(73)] ReadMemory at 0x21b68e3e430 of 64 bytes failed: Only part of a ReadProcessMemory or WriteProcessMemory request was completed. (0x12B)
[0125/031940.698:ERROR:process_memory_win.cc(73)] ReadMemory at 0x21b68e3e520 of 64 bytes failed: Only part of a ReadProcessMemory or WriteProcessMemory request was completed. (0x12B)
[0125/031940.698:ERROR:process_memory_win.cc(73)] ReadMemory at 0x21b68e3e660 of 60 bytes failed: Only part of a ReadProcessMemory or WriteProcessMemory request was completed. (0x12B)
[0125/031940.698:ERROR:process_memory_win.cc(73)] ReadMemory at 0x21b68e3e6b0 of 64 bytes failed: Only part of a ReadProcessMemory or WriteProcessMemory request was completed. (0x12B)
[0125/031940.698:ERROR:process_memory_win.cc(73)] ReadMemory at 0x21b68e3e700 of 58 bytes failed: Only part of a ReadProcessMemory or WriteProcessMemory request was completed. (0x12B)
[0125/031940.698:ERROR:process_memory_win.cc(73)] ReadMemory at 0x21b68e3e7f0 of 66 bytes failed: Only part of a ReadProcessMemory or WriteProcessMemory request was completed. (0x12B)
[0125/031940.698:ERROR:process_memory_win.cc(73)] ReadMemory at 0x21b68e3f4c0 of 80 bytes failed: Only part of a ReadProcessMemory or WriteProcessMemory request was completed. (0x12B)
[0125/031940.698:ERROR:process_memory_win.cc(73)] ReadMemory at 0x21b68e46a20 of 132 bytes failed: Only part of a ReadProcessMemory or WriteProcessMemory request was completed. (0x12B)
[0125/031940.698:ERROR:process_memory_win.cc(73)] ReadMemory at 0x21b68e46b50 of 132 bytes failed: Only part of a ReadProcessMemory or WriteProcessMemory request was completed. (0x12B)
[0125/031940.698:ERROR:process_memory_win.cc(73)] ReadMemory at 0x21b68e46c80 of 132 bytes failed: Only part of a ReadProcessMemory or WriteProcessMemory request was completed. (0x12B)
[0125/031940.698:ERROR:process_memory_win.cc(73)] ReadMemory at 0x21b68e46db0 of 132 bytes failed: Only part of a ReadProcessMemory or WriteProcessMemory request was completed. (0x12B)
[0125/031940.698:ERROR:process_memory_win.cc(73)] ReadMemory at 0x21b68e46ee0 of 132 bytes failed: Only part of a ReadProcessMemory or WriteProcessMemory request was completed. (0x12B)
[0125/031940.698:ERROR:process_memory_win.cc(73)] ReadMemory at 0x21b68e47010 of 132 bytes failed: Only part of a ReadProcessMemory or WriteProcessMemory request was completed. (0x12B)
[0125/031940.698:ERROR:process_memory_win.cc(73)] ReadMemory at 0x21b68e47140 of 132 bytes failed: Only part of a ReadProcessMemory or WriteProcessMemory request was completed. (0x12B)
[0125/031940.698:ERROR:process_memory_win.cc(73)] ReadMemory at 0x21b68e47270 of 132 bytes failed: Only part of a ReadProcessMemory or WriteProcessMemory request was completed. (0x12B)
[0125/031940.698:ERROR:process_memory_win.cc(73)] ReadMemory at 0x21b68e473a0 of 132 bytes failed: Only part of a ReadProcessMemory or WriteProcessMemory request was completed. (0x12B)
[0125/031940.698:ERROR:process_memory_win.cc(73)] ReadMemory at 0x21b68e474d0 of 132 bytes failed: Only part of a ReadProcessMemory or WriteProcessMemory request was completed. (0x12B)
[0125/031940.699:ERROR:process_memory_win.cc(73)] ReadMemory at 0x21b68e47860 of 132 bytes failed: Only part of a ReadProcessMemory or WriteProcessMemory request was completed. (0x12B)
[0125/031940.699:ERROR:process_memory_win.cc(73)] ReadMemory at 0x21b68e47ac0 of 132 bytes failed: Only part of a ReadProcessMemory or WriteProcessMemory request was completed. (0x12B)
[0125/031940.699:ERROR:process_memory_win.cc(73)] ReadMemory at 0x21b68e47bf0 of 132 bytes failed: Only part of a ReadProcessMemory or WriteProcessMemory request was completed. (0x12B)
[0125/031940.699:ERROR:process_memory_win.cc(73)] ReadMemory at 0x21b68e47f80 of 132 bytes failed: Only part of a ReadProcessMemory or WriteProcessMemory request was completed. (0x12B)
[0125/031940.699:ERROR:process_memory_win.cc(73)] ReadMemory at 0x21b68e5be10 of 78 bytes failed: Only part of a ReadProcessMemory or WriteProcessMemory request was completed. (0x12B)
[0125/031940.699:ERROR:process_memory_win.cc(73)] ReadMemory at 0x21b68e68060 of 56 bytes failed: Only part of a ReadProcessMemory or WriteProcessMemory request was completed. (0x12B)
[0125/031940.699:ERROR:process_memory_win.cc(73)] ReadMemory at 0x21b68e68100 of 58 bytes failed: Only part of a ReadProcessMemory or WriteProcessMemory request was completed. (0x12B)
[0125/031940.699:ERROR:process_memory_win.cc(73)] ReadMemory at 0x21b68e682e0 of 58 bytes failed: Only part of a ReadProcessMemory or WriteProcessMemory request was completed. (0x12B)
[0125/031940.699:ERROR:process_memory_win.cc(73)] ReadMemory at 0x21b68e686a0 of 60 bytes failed: Only part of a ReadProcessMemory or WriteProcessMemory request was completed. (0x12B)
[0125/031940.699:ERROR:process_memory_win.cc(73)] ReadMemory at 0x21b68e68790 of 60 bytes failed: Only part of a ReadProcessMemory or WriteProcessMemory request was completed. (0x12B)
[0125/031940.699:ERROR:process_memory_win.cc(73)] ReadMemory at 0x21b68e68830 of 62 bytes failed: Only part of a ReadProcessMemory or WriteProcessMemory request was completed. (0x12B)
[0125/031940.699:ERROR:process_memory_win.cc(73)] ReadMemory at 0x21b68e68880 of 60 bytes failed: Only part of a ReadProcessMemory or WriteProcessMemory request was completed. (0x12B)
[0125/031940.699:ERROR:process_memory_win.cc(73)] ReadMemory at 0x21b68e689c0 of 62 bytes failed: Only part of a ReadProcessMemory or WriteProcessMemory request was completed. (0x12B)
[0125/031940.699:ERROR:process_memory_win.cc(73)] ReadMemory at 0x21b68e68c40 of 66 bytes failed: Only part of a ReadProcessMemory or WriteProcessMemory request was completed. (0x12B)
[0125/031940.699:ERROR:process_memory_win.cc(73)] ReadMemory at 0x21b68e68d30 of 62 bytes failed: Only part of a ReadProcessMemory or WriteProcessMemory request was completed. (0x12B)
[0125/031940.699:ERROR:process_memory_win.cc(73)] ReadMemory at 0x21b68e9a0f0 of 512 bytes failed: Only part of a ReadProcessMemory or WriteProcessMemory request was completed. (0x12B)
[0125/031940.700:ERROR:process_memory_win.cc(73)] ReadMemory at 0x21b68ea2430 of 512 bytes failed: Only part of a ReadProcessMemory or WriteProcessMemory request was completed. (0x12B)
[0125/031940.700:ERROR:process_memory_win.cc(73)] ReadMemory at 0x21b68eaece0 of 512 bytes failed: Only part of a ReadProcessMemory or WriteProcessMemory request was completed. (0x12B)
[0125/031940.700:ERROR:process_memory_win.cc(73)] ReadMemory at 0x21b68eb3150 of 512 bytes failed: Only part of a ReadProcessMemory or WriteProcessMemory request was completed. (0x12B)
[0125/031940.700:ERROR:process_memory_win.cc(73)] ReadMemory at 0x21b68eb7190 of 712 bytes failed: Only part of a ReadProcessMemory or WriteProcessMemory request was completed. (0x12B)
[0125/031940.700:ERROR:process_memory_win.cc(73)] ReadMemory at 0x21b68ecbca0 of 512 bytes failed: Only part of a ReadProcessMemory or WriteProcessMemory request was completed. (0x12B)
[0125/031940.700:ERROR:process_memory_win.cc(73)] ReadMemory at 0x21b68eccf50 of 512 bytes failed: Only part of a ReadProcessMemory or WriteProcessMemory request was completed. (0x12B)
[0125/031940.700:ERROR:process_memory_win.cc(73)] ReadMemory at 0x21b68efdc80 of 512 bytes failed: Only part of a ReadProcessMemory or WriteProcessMemory request was completed. (0x12B)
[0125/031940.700:ERROR:process_memory_win.cc(73)] ReadMemory at 0x21b68f00910 of 512 bytes failed: Only part of a ReadProcessMemory or WriteProcessMemory request was completed. (0x12B)
[0125/031940.700:ERROR:process_memory_win.cc(73)] ReadMemory at 0x21b690b3640 of 512 bytes failed: Only part of a ReadProcessMemory or WriteProcessMemory request was completed. (0x12B)
[0125/031940.700:ERROR:process_memory_win.cc(73)] ReadMemory at 0x21b690b8440 of 512 bytes failed: Only part of a ReadProcessMemory or WriteProcessMemory request was completed. (0x12B)
[0125/031940.700:ERROR:process_memory_win.cc(73)] ReadMemory at 0x21b6ac20000 of 384 bytes failed: Only part of a ReadProcessMemory or WriteProcessMemory request was completed. (0x12B)
[0125/031940.700:ERROR:process_memory_win.cc(73)] ReadMemory at 0x21b6ac72c38 of 512 bytes failed: Only part of a ReadProcessMemory or WriteProcessMemory request was completed. (0x12B)
[0125/031940.701:ERROR:process_memory_win.cc(73)] ReadMemory at 0x21b6acb4340 of 512 bytes failed: Only part of a ReadProcessMemory or WriteProcessMemory request was completed. (0x12B)
[0125/031940.701:ERROR:process_memory_win.cc(73)] ReadMemory at 0x21b6acb54f0 of 512 bytes failed: Only part of a ReadProcessMemory or WriteProcessMemory request was completed. (0x12B)
[0125/031940.701:ERROR:process_memory_win.cc(73)] ReadMemory at 0x21b6ad1ed80 of 512 bytes failed: Only part of a ReadProcessMemory or WriteProcessMemory request was completed. (0x12B)
[0125/031940.701:ERROR:process_memory_win.cc(73)] ReadMemory at 0x21b6af1ff80 of 512 bytes failed: Only part of a ReadProcessMemory or WriteProcessMemory request was completed. (0x12B)
[0125/031940.701:ERROR:process_memory_win.cc(73)] ReadMemory at 0x21b6b29e460 of 888 bytes failed: Only part of a ReadProcessMemory or WriteProcessMemory request was completed. (0x12B)
[0125/031940.701:ERROR:process_memory_win.cc(73)] ReadMemory at 0x21b6b362280 of 512 bytes failed: Only part of a ReadProcessMemory or WriteProcessMemory request was completed. (0x12B)
[0125/031940.701:ERROR:process_memory_win.cc(73)] ReadMemory at 0x21b6b37bec0 of 512 bytes failed: Only part of a ReadProcessMemory or WriteProcessMemory request was completed. (0x12B)
[0125/031940.701:ERROR:process_memory_win.cc(73)] ReadMemory at 0x21b6b44fc50 of 512 bytes failed: Only part of a ReadProcessMemory or WriteProcessMemory request was completed. (0x12B)
[0125/031940.701:ERROR:process_memory_win.cc(73)] ReadMemory at 0x21b6b4e31f0 of 512 bytes failed: Only part of a ReadProcessMemory or WriteProcessMemory request was completed. (0x12B)
[0125/031940.701:ERROR:process_memory_win.cc(73)] ReadMemory at 0x21b6b4e9981 of 687 bytes failed: Only part of a ReadProcessMemory or WriteProcessMemory request was completed. (0x12B)
[0125/031940.701:ERROR:process_memory_win.cc(73)] ReadMemory at 0x21b6b68d4b0 of 512 bytes failed: Only part of a ReadProcessMemory or WriteProcessMemory request was completed. (0x12B)
[0125/031940.701:ERROR:process_memory_win.cc(73)] ReadMemory at 0x21b6b7d4370 of 512 bytes failed: Only part of a ReadProcessMemory or WriteProcessMemory request was completed. (0x12B)
[0125/031940.701:ERROR:process_memory_win.cc(73)] ReadMemory at 0x21b6ba00730 of 512 bytes failed: Only part of a ReadProcessMemory or WriteProcessMemory request was completed. (0x12B)
[0125/031940.701:ERROR:process_memory_win.cc(73)] ReadMemory at 0x7ffbefac1ea0 of 512 bytes failed: Only part of a ReadProcessMemory or WriteProcessMemory request was completed. (0x12B)
[0125/031940.702:ERROR:process_memory_win.cc(73)] ReadMemory at 0x7ffbf704f0e0 of 512 bytes failed: Only part of a ReadProcessMemory or WriteProcessMemory request was completed. (0x12B)
[0125/031940.702:ERROR:process_memory_win.cc(73)] ReadMemory at 0x7ffbf79ecba0 of 512 bytes failed: Only part of a ReadProcessMemory or WriteProcessMemory request was completed. (0x12B)
[0125/031940.702:ERROR:process_memory_win.cc(73)] ReadMemory at 0x7ffc3709d6d9 of 512 bytes failed: Only part of a ReadProcessMemory or WriteProcessMemory request was completed. (0x12B)
[0125/031940.702:ERROR:process_memory_win.cc(73)] ReadMemory at 0x7ffc372fe748 of 512 bytes failed: Only part of a ReadProcessMemory or WriteProcessMemory request was completed. (0x12B)
[0125/031940.702:ERROR:process_memory_win.cc(73)] ReadMemory at 0x7ffc37301b88 of 512 bytes failed: Only part of a ReadProcessMemory or WriteProcessMemory request was completed. (0x12B)
[0125/031940.702:ERROR:process_memory_win.cc(73)] ReadMemory at 0x7ffc37ba4a50 of 512 bytes failed: Only part of a ReadProcessMemory or WriteProcessMemory request was completed. (0x12B)
[0125/031940.702:ERROR:process_memory_win.cc(73)] ReadMemory at 0x7ffc394abfb4 of 672 bytes failed: Only part of a ReadProcessMemory or WriteProcessMemory request was completed. (0x12B)
[0125/031940.702:ERROR:process_memory_win.cc(73)] ReadMemory at 0x7ffc394ac5b4 of 512 bytes failed: Only part of a ReadProcessMemory or WriteProcessMemory request was completed. (0x12B)
[0125/031940.702:ERROR:process_memory_win.cc(73)] ReadMemory at 0x7ffc394af924 of 608 bytes failed: Only part of a ReadProcessMemory or WriteProcessMemory request was completed. (0x12B)
[0125/031940.702:ERROR:process_memory_win.cc(73)] ReadMemory at 0x7ffc39540a00 of 18 bytes failed: Only part of a ReadProcessMemory or WriteProcessMemory request was completed. (0x12B)
[0125/031940.702:ERROR:process_memory_win.cc(73)] ReadMemory at 0x7ffc395754f8 of 40 bytes failed: Only part of a ReadProcessMemory or WriteProcessMemory request was completed. (0x12B)
[0125/031940.702:ERROR:process_memory_win.cc(73)] ReadMemory at 0x7ffc39575978 of 48 bytes failed: Only part of a ReadProcessMemory or WriteProcessMemory request was completed. (0x12B)
[0125/031940.702:ERROR:process_memory_win.cc(73)] ReadMemory at 0x7ffc3957b4c0 of 64 bytes failed: Only part of a ReadProcessMemory or WriteProcessMemory request was completed. (0x12B)
[0125/031940.703:ERROR:scoped_process_suspend.cc(40)] NtResumeProcess: An attempt was made to access an exiting process. (0xc000010a)
[0125/103054.968:ERROR:directory_reader_win.cc(43)] FindFirstFile: The system cannot find the path specified. (0x3)
[0125/140358.432:ERROR:directory_reader_win.cc(43)] FindFirstFile: The system cannot find the path specified. (0x3)
[0125/145013.228:ERROR:directory_reader_win.cc(43)] FindFirstFile: The system cannot find the path specified. (0x3)
[0125/151740.139:ERROR:directory_reader_win.cc(43)] FindFirstFile: The system cannot find the path specified. (0x3)
[0125/154308.966:ERROR:directory_reader_win.cc(43)] FindFirstFile: The system cannot find the path specified. (0x3)
[0125/162155.762:ERROR:directory_reader_win.cc(43)] FindFirstFile: The system cannot find the path specified. (0x3)
[0125/162316.235:ERROR:directory_reader_win.cc(43)] FindFirstFile: The system cannot find the path specified. (0x3)
[0125/165106.432:ERROR:directory_reader_win.cc(43)] FindFirstFile: The system cannot find the path specified. (0x3)
